<?xml version="1.0" encoding="UTF-8"?>
<testsuite xmlns:xsi="http://www.w3.org/2001/XMLSchema-instance" xsi:noNamespaceSchemaLocation="https://maven.apache.org/surefire/maven-surefire-plugin/xsd/surefire-test-report.xsd" name="Validate Jira APIs" time="1.706" tests="1" errors="1" skipped="0" failures="0">
  <properties>
[...]
</properties>
  <testcase name="validate get task api" classname="Validate Jira APIs" time="1.698">
    <error type="java.lang.NullPointerException">java.lang.NullPointerException
</error>
    <system-out><![CDATA[
@SmokeTest
Scenario: validate get task api             &amp#27;[90m# com/api/runner/Demo.feature:3&amp#27;[0m
  &amp#27;[31mGiven &amp#27;[0m&amp#27;[31mI have Jira get task details api&amp#27;[0m    &amp#27;[90m# com.api.stepdefinitions.SampleStepDefinitions.I_have_Jira_get_task_details_api()&amp#27;[0m
      &amp#27;[31mjava.lang.NullPointerException
	at com.api.ScenarioContext.log(ScenarioContext.java:36)
	at com.api.stepdefinitions.SampleStepDefinitions.I_have_Jira_get_task_details_api(SampleStepDefinitions.java:18)
	at âœ½.I have Jira get task details api(classpath:com/api/runner/Demo.feature:4)
&amp#27;[0m
  &amp#27;[36mWhen &amp#27;[0m&amp#27;[36mI send request to fetch task details&amp#27;[0m &amp#27;[90m# com.api.stepdefinitions.SampleStepDefinitions.I_send_request_to_fetch_task_details(io.cucumber.datatable.DataTable)&amp#27;[0m
  &amp#27;[36mThen &amp#27;[0m&amp#27;[36mI should get the task details&amp#27;[0m        &amp#27;[90m# com.api.stepdefinitions.SampleStepDefinitions.I_should_get_the_task_details()&amp#27;[0m
]]></system-out>
    <system-err><![CDATA[Jul 20, 2022 1:55:03 AM io.cucumber.weld.WeldFactory start
WARNING: cucumber-weld has been deprecated. Consider using cucumber-deltaspike instead
Jul 20, 2022 1:55:03 AM org.jboss.weld.bootstrap.WeldStartup <clinit>
INFO: WELD-000900: 2.4.8 (Final)
Jul 20, 2022 1:55:03 AM org.jboss.weld.bootstrap.WeldStartup startContainer
INFO: WELD-000101: Transactional services not available. Injection of @Inject UserTransaction not available. Transactional observers will be invoked synchronously.
Jul 20, 2022 1:55:04 AM org.jboss.weld.environment.se.WeldContainer fireContainerInitializedEvent
INFO: WELD-ENV-002003: Weld SE container 311d8496-196c-4c6c-918c-1db6aa16f729 initialized
Jul 20, 2022 1:55:04 AM org.jboss.weld.environment.se.WeldContainer shutdown
INFO: WELD-ENV-002001: Weld SE container 311d8496-196c-4c6c-918c-1db6aa16f729 shut down
]]></system-err>
  </testcase>
</testsuite>